<?xml version="1.0" encoding="UTF-8"?>
<testsuite xmlns:xsi="http://www.w3.org/2001/XMLSchema-instance" xsi:noNamespaceSchemaLocation="https://maven.apache.org/surefire/maven-surefire-plugin/xsd/surefire-test-report-3.0.xsd" version="3.0" name="CalculatorSubstractionTests" time="0.016" tests="4" errors="0" skipped="0" failures="0">
  <properties>
[...]
</properties>
  <testcase name="subTwoNumbers" classname="CalculatorSubstractionTests" time="0.001"/>
  <testcase name="substraction(int, int, int)[1]" classname="CalculatorSubstractionTests" time="0.002"/>
  <testcase name="substraction(int, int, int)[2]" classname="CalculatorSubstractionTests" time="0.001"/>
  <testcase name="substraction(int, int, int)[3]" classname="CalculatorSubstractionTests" time="0.002"/>
</testsuite>